Error: Failed to resolve import "./ForeignKeysTabBody" from "src/components/schema/CreateTableDialog/ForeignKeysTabBody.test.tsx". Does the file exist?
  Plugin: vite:import-analysis
  File: /Users/felix/Desktop/study/view-table/src/components/schema/CreateTableDialog/ForeignKeysTabBody.test.tsx:23:7
  2  |  import { describe, it, expect, vi } from "vitest";
  3  |  import { render, fireEvent, screen, within } from "@testing-library/react";
  4  |  import ForeignKeysTabBody from "./ForeignKeysTabBody";
     |                                  ^
  5  |  function fkDraft(over = {}) {
  6  |    return {
 ❯ TransformPluginContext._formatLog node_modules/.pnpm/vite@6.4.2_@types+node@25.6.0_jiti@2.6.1_lightningcss@1.32.0_tsx@4.21.0/node_modules/vite/dist/node/chunks/dep-Dq2t6Dq0.js:42553:41
 ❯ TransformPluginContext.error node_modules/.pnpm/vite@6.4.2_@types+node@25.6.0_jiti@2.6.1_lightningcss@1.32.0_tsx@4.21.0/node_modules/vite/dist/node/chunks/dep-Dq2t6Dq0.js:42550:16
 ❯ normalizeUrl node_modules/.pnpm/vite@6.4.2_@types+node@25.6.0_jiti@2.6.1_lightningcss@1.32.0_tsx@4.21.0/node_modules/vite/dist/node/chunks/dep-Dq2t6Dq0.js:40529:23
 ❯ node_modules/.pnpm/vite@6.4.2_@types+node@25.6.0_jiti@2.6.1_lightningcss@1.32.0_tsx@4.21.0/node_modules/vite/dist/node/chunks/dep-Dq2t6Dq0.js:40648:37
 ❯ TransformPluginContext.transform node_modules/.pnpm/vite@6.4.2_@types+node@25.6.0_jiti@2.6.1_lightningcss@1.32.0_tsx@4.21.0/node_modules/vite/dist/node/chunks/dep-Dq2t6Dq0.js:40575:7
 ❯ EnvironmentPluginContainer.transform node_modules/.pnpm/vite@6.4.2_@types+node@25.6.0_jiti@2.6.1_lightningcss@1.32.0_tsx@4.21.0/node_modules/vite/dist/node/chunks/dep-Dq2t6Dq0.js:42348:18
 ❯ loadAndTransform node_modules/.pnpm/vite@6.4.2_@types+node@25.6.0_jiti@2.6.1_lightningcss@1.32.0_tsx@4.21.0/node_modules/vite/dist/node/chunks/dep-Dq2t6Dq0.js:35740:27

⎯⎯⎯⎯⎯⎯⎯⎯⎯⎯⎯⎯⎯⎯⎯⎯⎯⎯⎯⎯⎯⎯⎯⎯[1/1]⎯


 Test Files  1 failed (1)
      Tests  no tests
   Start at  09:54:41
   Duration  651ms (transform 37ms, setup 89ms, import 0ms, tests 0ms, environment 428ms)

